<?xml version="1.0" encoding="UTF-8"?>
<!-- Generated by org.testng.reporters.JUnitReportReporter -->
<testsuite hostname="DESKTOP-MC7UQM0" failures="0" tests="4" name="testclass.demofirsttest" time="19.730" errors="0" timestamp="2022-02-17T12:19:21 IST" skipped="0">
  <testcase classname="testclass.demofirsttest" name="elementlist" time="4.222"/>
  <system-out/>
  <testcase classname="testclass.demofirsttest" name="textvalidate" time="6.282"/>
  <system-out/>
  <testcase classname="testclass.demofirsttest" name="assertText" time="0.020"/>
  <system-out/>
  <testcase classname="testclass.demofirsttest" name="checkBox" time="9.206"/>
  <system-out/>
</testsuite> <!-- testclass.demofirsttest -->
