<?xml version="1.0" encoding="UTF-8"?>
<!-- Generated by org.testng.reporters.JUnitReportReporter -->
<testsuite hostname="DESKTOP-MC7UQM0" failures="0" tests="1" name="testRunner.Runner" time="17.792" errors="0" timestamp="07 Nov 2022 10:29:47 GMT" skipped="0">
  <testcase classname="testRunner.Runner" name="runScenario" time="17.792"/>
</testsuite> <!-- testRunner.Runner -->
