<?xml version="1.0" encoding="UTF-8"?>
<!-- Generated by org.testng.reporters.JUnitReportReporter -->
<testsuite hostname="DESKTOP-MC7UQM0" failures="0" tests="3" name="files.DynamicJson" time="1.538" errors="0" timestamp="2022-01-10T21:08:21 IST" skipped="0">
  <testcase classname="files.DynamicJson" name="addBook" time="0.106"/>
  <system-out/>
  <testcase classname="files.DynamicJson" name="addBook" time="0.132"/>
  <system-out/>
  <testcase classname="files.DynamicJson" name="addBook" time="1.300"/>
  <system-out/>
</testsuite> <!-- files.DynamicJson -->
